  Aabb.cpp
  Application.cpp
C:\Users\sidwa\OneDrive - Hochschule Osnabrück\HS-Computergrafik-main\Praktikum04_Transofrmationen\src\Application.cpp(40,21): warning C4101: "pConstShader": Unreferenzierte lokale Variable
C:\Users\sidwa\OneDrive - Hochschule Osnabrück\HS-Computergrafik-main\Praktikum04_Transofrmationen\src\Application.cpp(39,16): warning C4101: "pModel": Unreferenzierte lokale Variable
C:\Users\sidwa\OneDrive - Hochschule Osnabrück\HS-Computergrafik-main\Praktikum04_Transofrmationen\src\Application.cpp(97,35): warning C4244: "return": Konvertierung von "double" in "float", möglicher Datenverlust
C:\Users\sidwa\OneDrive - Hochschule Osnabrück\HS-Computergrafik-main\Praktikum04_Transofrmationen\src\Application.cpp(135,51): warning C4244: "Argument": Konvertierung von "double" in "float", möglicher Datenverlust
C:\Users\sidwa\OneDrive - Hochschule Osnabrück\HS-Computergrafik-main\Praktikum04_Transofrmationen\src\Application.cpp(135,47): warning C4244: "Argument": Konvertierung von "double" in "float", möglicher Datenverlust
  BaseModel.cpp
  BaseShader.cpp
  Camera.cpp
  color.cpp
  ConstantShader.cpp
  IndexBuffer.cpp
  LineBoxModel.cpp
  LinePlaneModel.cpp
  main.cpp
C:\Users\sidwa\OneDrive - Hochschule Osnabrück\HS-Computergrafik-main\Praktikum04_Transofrmationen\src\main.cpp(58,32): warning C4244: "=": Konvertierung von "double" in "float", möglicher Datenverlust
  Matrix.cpp
  Model.cpp
C:\Users\sidwa\OneDrive - Hochschule Osnabrück\HS-Computergrafik-main\Praktikum04_Transofrmationen\src\Model.cpp(101,23): warning C4018: "<": Konflikt zwischen "signed" und "unsigned"
C:\Users\sidwa\OneDrive - Hochschule Osnabrück\HS-Computergrafik-main\Praktikum04_Transofrmationen\src\Model.cpp(108,37): warning C4018: "<": Konflikt zwischen "signed" und "unsigned"
C:\Users\sidwa\OneDrive - Hochschule Osnabrück\HS-Computergrafik-main\Praktikum04_Transofrmationen\src\Model.cpp(145,31): warning C4018: "<": Konflikt zwischen "signed" und "unsigned"
C:\Users\sidwa\OneDrive - Hochschule Osnabrück\HS-Computergrafik-main\Praktikum04_Transofrmationen\src\Model.cpp(148,35): warning C4018: "<": Konflikt zwischen "signed" und "unsigned"
C:\Users\sidwa\OneDrive - Hochschule Osnabrück\HS-Computergrafik-main\Praktikum04_Transofrmationen\src\Model.cpp(166,27): warning C4018: "<": Konflikt zwischen "signed" und "unsigned"
C:\Users\sidwa\OneDrive - Hochschule Osnabrück\HS-Computergrafik-main\Praktikum04_Transofrmationen\src\Model.cpp(172,27): warning C4018: "<": Konflikt zwischen "signed" und "unsigned"
C:\Users\sidwa\OneDrive - Hochschule Osnabrück\HS-Computergrafik-main\Praktikum04_Transofrmationen\src\Model.cpp(208,23): warning C4018: "<": Konflikt zwischen "signed" und "unsigned"
C:\Users\sidwa\OneDrive - Hochschule Osnabrück\HS-Computergrafik-main\Praktikum04_Transofrmationen\src\Model.cpp(209,27): warning C4018: "<": Konflikt zwischen "signed" und "unsigned"
  PhongShader.cpp
  rgbimage.cpp
C:\Users\sidwa\OneDrive - Hochschule Osnabrück\HS-Computergrafik-main\Praktikum04_Transofrmationen\src\rgbimage.cpp(45,11): warning C4244: "=": Konvertierung von "float" in "char", möglicher Datenverlust
C:\Users\sidwa\OneDrive - Hochschule Osnabrück\HS-Computergrafik-main\Praktikum04_Transofrmationen\src\rgbimage.cpp(51,9): warning C4309: "=": Verkürzung eines konstanten Wertes
C:\Users\sidwa\OneDrive - Hochschule Osnabrück\HS-Computergrafik-main\Praktikum04_Transofrmationen\src\rgbimage.cpp(146,20): warning C4018: "<": Konflikt zwischen "signed" und "unsigned"
C:\Users\sidwa\OneDrive - Hochschule Osnabrück\HS-Computergrafik-main\Praktikum04_Transofrmationen\src\rgbimage.cpp(147,21): warning C4018: "<": Konflikt zwischen "signed" und "unsigned"
  Scene.cpp
  Tank.cpp
  Texture.cpp
  TriangleBoxModel.cpp
  TrianglePlaneModel.cpp
  Code wird generiert...
  Kompilieren...
  TriangleSphereModel.cpp
  vector.cpp
  VertexBuffer.cpp
  Code wird generiert...
LINK : warning LNK4098: Standardbibliothek "MSVCRT" steht in Konflikt mit anderen Bibliotheken; /NODEFAULTLIB:Bibliothek verwenden.
  CGVStudio.vcxproj -> C:\Users\sidwa\OneDrive - Hochschule Osnabrück\HS-Computergrafik-main\Praktikum04_Transofrmationen\CGVStudio\Debug\Praktikum04_Transofrmationen.exe
